Arguments: 
  C:\Program Files\nodejs\node.exe C:\Users\Administrator\AppData\Roaming\npm\node_modules\yarn\bin\yarn.js add terser-webpack-plugin -D

PATH: 
  E:\guodun\svelte\svelte-template-for-webpack\node_modules\.bin;C:\Program Files\Common Files\Oracle\Java\javapath;C:\WINDOWS\system32;C:\WINDOWS;C:\WINDOWS\System32\Wbem;C:\WINDOWS\System32\WindowsPowerShell\v1.0\;C:\Program Files\nodejs\;C:\Program Files\Git\cmd;D:\tools\cmder;;C:\WINDOWS\System32\OpenSSH\;C:\Ruby27-x64\bin;C:\Users\Administrator\AppData\Local\Microsoft\WindowsApps;C:\Users\Administrator\AppData\Roaming\npm;C:\Users\Administrator\AppData\Local\Programs\Microsoft VS Code\bin;C:\Program Files\MySQL\MySQL Server 8.0\bin;;C:\Program Files\JetBrains\WebStorm 2021.1.1\bin;

Yarn version: 
  1.22.10

Node version: 
  12.18.3

Platform: 
  win32 x64

Trace: 
  Error: EPERM: operation not permitted, unlink 'E:\guodun\svelte\svelte-template-for-webpack\node_modules\_node-sass@7.0.0@node-sass\vendor\win32-x64-72\binding.node'

npm manifest: 
  {
    "name": "pg-file-template-edtior",
    "version": "1.0.0",
    "private": false,
    "author": "PG",
    "main": "public/build/file-template-editor.js",
    "license": "MIT",
    "files": [
      "public/build"
    ],
    "keywords": [
      "file",
      "editor",
      "template"
    ],
    "devDependencies": {
      "@babel/core": "^7.16.5",
      "@babel/plugin-transform-runtime": "^7.16.5",
      "@babel/preset-env": "^7.16.5",
      "@fullhuman/postcss-purgecss": "^4.1.3",
      "autoprefixer": "^10.4.0",
      "babel-loader": "^8.2.3",
      "core-js": "3",
      "cross-env": "^7.0.3",
      "css-loader": "^5.0.1",
      "glob": "^7.2.0",
      "mini-css-extract-plugin": "^1.3.4",
      "node-sass": "^7.0.0",
      "postcss": "^8.4.5",
      "postcss-loader": "^6.2.1",
      "sass-loader": "^12.4.0",
      "svelte": "^3.31.2",
      "svelte-loader": "^3.0.0",
      "webpack": "^5.16.0",
      "webpack-cli": "^4.4.0",
      "webpack-dev-server": "^3.11.2"
    },
    "scripts": {
      "build": "cross-env NODE_ENV=production webpack",
      "dev": "webpack serve --content-base public"
    },
    "dependencies": {
      "froala-editor": "^4.0.6"
    }
  }

yarn manifest: 
  No manifest

Lockfile: 
  No lockfile
